Arguments: 
  /Users/brettdewoody/.nvm/versions/node/v18.2.0/bin/node /Users/brettdewoody/.nvm/versions/node/v18.2.0/lib/node_modules/@sanity/cli/vendor/yarn add @sanity/orderable-document-list --json --non-interactive --ignore-engines --network-timeout 60000 --registry https://registry.npmjs.org

PATH: 
  /Users/brettdewoody/.nvm/versions/node/v18.2.0/lib/node_modules/vendor:/Users/brettdewoody/.nvm/versions/node/v18.2.0/bin:/Users/brettdewoody/.rvm/gems/ruby-2.5.1/bin:/Users/brettdewoody/.rvm/gems/ruby-2.5.1@global/bin:/Users/brettdewoody/.rvm/rubies/ruby-2.5.1/bin:~/.composer/vendor/bin:/Library/Frameworks/Python.framework/Versions/3.7/bin:/usr/local/bin:/usr/bin:/bin:/usr/sbin:/sbin:/usr/local/MacGPG2/bin:/usr/local/share/dotnet:/opt/X11/bin:~/.dotnet/tools:/Users/brettdewoody/.rvm/gems/ruby-2.5.1/bin:/Users/brettdewoody/.rvm/gems/ruby-2.5.1@global/bin:/Users/brettdewoody/.rvm/rubies/ruby-2.5.1/bin:~/.composer/vendor/bin:/Library/Frameworks/Python.framework/Versions/3.7/bin:/Users/brettdewoody/.rvm/bin:Users/brettdewoody/Applications/flutter/bin:/Users/brettdewoody/.rvm/bin:Users/brettdewoody/Applications/flutter/bin:~/.composer/vendor/bin

Yarn version: 
  1.22.17

Node version: 
  18.2.0

Platform: 
  darwin x64

Trace: 
  Error: read EHOSTUNREACH
      at TLSWrap.onStreamRead (node:internal/stream_base_commons:217:20)

npm manifest: 
  {
    "name": "perthshire-gravel",
    "private": true,
    "version": "1.0.0",
    "description": "",
    "main": "package.json",
    "author": "Highland Perthshire Cycling",
    "license": "UNLICENSED",
    "scripts": {
      "dev": "sanity start",
      "build": "sanity build",
      "lint": "eslint --ext .js ."
    },
    "keywords": [
      "sanity"
    ],
    "dependencies": {
      "@sanity/base": "^2.31.1",
      "@sanity/cli": "^2.31.1",
      "@sanity/core": "^2.31.1",
      "@sanity/default-layout": "^2.31.1",
      "@sanity/default-login": "^2.31.1",
      "@sanity/desk-tool": "^2.31.1",
      "@sanity/eslint-config-studio": "^2.0.0",
      "@sanity/google-maps-input": "^2.31.1",
      "@sanity/vision": "^2.31.1",
      "prop-types": "^15.7",
      "react": "^17.0",
      "react-dom": "^17.0",
      "react-icons": "^4.4.0",
      "styled-components": "^5.2.0"
    },
    "repository": {
      "type": "git",
      "url": "git@github.com:Highland-Perthshire-Cycling/perthshire-gravel.git"
    },
    "devDependencies": {
      "esbuild": "^0.14.43",
      "eslint": "^8.18.0",
      "eslint-config-airbnb-base": "^15.0.0",
      "eslint-plugin-import": "^2.26.0"
    }
  }

yarn manifest: 
  No manifest

Lockfile: 
  No lockfile
